{"/home/aya/ITI/Nodejs/bookApp/src/config/configurations.ts": {"path":"/home/aya/ITI/Nodejs/bookApp/src/config/configurations.ts","statementMap":{"0":{"start":{"line":1,"column":0},"end":{"line":1,"column":32}},"1":{"start":{"line":3,"column":0},"end":{"line":3,"column":null}},"2":{"start":{"line":4,"column":0},"end":{"line":18,"column":null}},"3":{"start":{"line":4,"column":39},"end":{"line":18,"column":null}}},"fnMap":{"0":{"name":"(anonymous_6)","decl":{"start":{"line":4,"column":15},"end":{"line":4,"column":36}},"loc":{"start":{"line":4,"column":38},"end":{"line":18,"column":null}}}},"branchMap":{"0":{"loc":{"start":{"line":5,"column":7},"end":{"line":5,"column":71}},"type":"cond-expr","locations":[{"start":{"line":5,"column":26},"end":{"line":5,"column":64}},{"start":{"line":5,"column":67},"end":{"line":5,"column":71}}]},"1":{"loc":{"start":{"line":5,"column":26},"end":{"line":5,"column":64}},"type":"binary-expr","locations":[{"start":{"line":5,"column":26},"end":{"line":5,"column":56}},{"start":{"line":5,"column":60},"end":{"line":5,"column":64}}]},"2":{"loc":{"start":{"line":8,"column":8},"end":{"line":10,"column":9}},"type":"cond-expr","locations":[{"start":{"line":9,"column":5},"end":{"line":9,"column":52}},{"start":{"line":10,"column":5},"end":{"line":10,"column":9}}]},"3":{"loc":{"start":{"line":9,"column":5},"end":{"line":9,"column":52}},"type":"binary-expr","locations":[{"start":{"line":9,"column":5},"end":{"line":9,"column":44}},{"start":{"line":9,"column":48},"end":{"line":9,"column":52}}]},"4":{"loc":{"start":{"line":15,"column":9},"end":{"line":15,"column":43}},"type":"cond-expr","locations":[{"start":{"line":15,"column":31},"end":{"line":15,"column":35}},{"start":{"line":15,"column":35},"end":{"line":15,"column":43}}]},"5":{"loc":{"start":{"line":15,"column":9},"end":{"line":15,"column":35}},"type":"binary-expr","locations":[{"start":{"line":15,"column":9},"end":{"line":15,"column":35}},{"start":{"line":15,"column":31},"end":{"line":15,"column":35}}]},"6":{"loc":{"start":{"line":16,"column":13},"end":{"line":16,"column":63}},"type":"cond-expr","locations":[{"start":{"line":16,"column":36},"end":{"line":16,"column":40}},{"start":{"line":16,"column":40},"end":{"line":16,"column":63}}]},"7":{"loc":{"start":{"line":16,"column":13},"end":{"line":16,"column":40}},"type":"binary-expr","locations":[{"start":{"line":16,"column":13},"end":{"line":16,"column":40}},{"start":{"line":16,"column":36},"end":{"line":16,"column":40}}]}},"s":{"0":1,"1":1,"2":1,"3":2},"f":{"0":2},"b":{"0":[2,0],"1":[2,0],"2":[2,0],"3":[2,0],"4":[2,0],"5":[2,2],"6":[0,2],"7":[2,2]}}
,"/home/aya/ITI/Nodejs/bookApp/src/config/database/data-source.ts": {"path":"/home/aya/ITI/Nodejs/bookApp/src/config/database/data-source.ts","statementMap":{"0":{"start":{"line":1,"column":0},"end":{"line":1,"column":36}},"1":{"start":{"line":2,"column":0},"end":{"line":2,"column":46}},"2":{"start":{"line":3,"column":0},"end":{"line":3,"column":47}},"3":{"start":{"line":4,"column":0},"end":{"line":4,"column":51}},"4":{"start":{"line":5,"column":15},"end":{"line":5,"column":31}},"5":{"start":{"line":10,"column":4},"end":{"line":10,"column":33}},"6":{"start":{"line":14,"column":4},"end":{"line":25,"column":null}},"7":{"start":{"line":15,"column":6},"end":{"line":17,"column":null}},"8":{"start":{"line":18,"column":6},"end":{"line":18,"column":41}},"9":{"start":{"line":19,"column":6},"end":{"line":19,"column":43}},"10":{"start":{"line":21,"column":6},"end":{"line":24,"column":null}},"11":{"start":{"line":28,"column":13},"end":{"line":28,"column":52}},"12":{"start":{"line":29,"column":13},"end":{"line":29,"column":49}}},"fnMap":{"0":{"name":"(anonymous_8)","decl":{"start":{"line":9,"column":2},"end":{"line":9,"column":14}},"loc":{"start":{"line":9,"column":36},"end":{"line":11,"column":3}}},"1":{"name":"(anonymous_9)","decl":{"start":{"line":13,"column":8},"end":{"line":13,"column":15}},"loc":{"start":{"line":13,"column":15},"end":{"line":26,"column":null}}}},"branchMap":{},"s":{"0":1,"1":1,"2":1,"3":1,"4":1,"5":1,"6":0,"7":0,"8":0,"9":0,"10":0,"11":1,"12":1},"f":{"0":1,"1":0},"b":{}}
,"/home/aya/ITI/Nodejs/bookApp/src/config/database/database-options.ts": {"path":"/home/aya/ITI/Nodejs/bookApp/src/config/database/database-options.ts","statementMap":{"0":{"start":{"line":2,"column":0},"end":{"line":2,"column":47}},"1":{"start":{"line":5,"column":15},"end":{"line":5,"column":31}},"2":{"start":{"line":6,"column":13},"end":{"line":19,"column":null}}},"fnMap":{},"branchMap":{},"s":{"0":1,"1":1,"2":1},"f":{},"b":{}}
,"/home/aya/ITI/Nodejs/bookApp/src/controllers/BaseController.controller.ts": {"path":"/home/aya/ITI/Nodejs/bookApp/src/controllers/BaseController.controller.ts","statementMap":{"0":{"start":{"line":2,"column":0},"end":{"line":2,"column":78}},"1":{"start":{"line":4,"column":0},"end":{"line":4,"column":72}},"2":{"start":{"line":5,"column":0},"end":{"line":5,"column":74}},"3":{"start":{"line":6,"column":0},"end":{"line":6,"column":62}},"4":{"start":{"line":7,"column":0},"end":{"line":7,"column":82}},"5":{"start":{"line":12,"column":2},"end":{"line":12,"column":null}},"6":{"start":{"line":16,"column":2},"end":{"line":25,"column":null}},"7":{"start":{"line":17,"column":26},"end":{"line":17,"column":67}},"8":{"start":{"line":18,"column":3},"end":{"line":18,"column":null}},"9":{"start":{"line":20,"column":3},"end":{"line":24,"column":null}},"10":{"start":{"line":29,"column":2},"end":{"line":46,"column":null}},"11":{"start":{"line":30,"column":34},"end":{"line":30,"column":48}},"12":{"start":{"line":31,"column":16},"end":{"line":34,"column":5}},"13":{"start":{"line":35,"column":3},"end":{"line":39,"column":null}},"14":{"start":{"line":36,"column":4},"end":{"line":36,"column":null}},"15":{"start":{"line":38,"column":4},"end":{"line":38,"column":null}},"16":{"start":{"line":41,"column":3},"end":{"line":45,"column":null}},"17":{"start":{"line":50,"column":2},"end":{"line":60,"column":null}},"18":{"start":{"line":51,"column":18},"end":{"line":51,"column":50}},"19":{"start":{"line":52,"column":23},"end":{"line":52,"column":57}},"20":{"start":{"line":53,"column":3},"end":{"line":53,"column":null}},"21":{"start":{"line":55,"column":3},"end":{"line":59,"column":null}},"22":{"start":{"line":64,"column":2},"end":{"line":81,"column":null}},"23":{"start":{"line":65,"column":14},"end":{"line":65,"column":28}},"24":{"start":{"line":66,"column":3},"end":{"line":66,"column":null}},"25":{"start":{"line":67,"column":25},"end":{"line":69,"column":5}},"26":{"start":{"line":70,"column":3},"end":{"line":74,"column":null}},"27":{"start":{"line":71,"column":4},"end":{"line":71,"column":null}},"28":{"start":{"line":73,"column":4},"end":{"line":73,"column":null}},"29":{"start":{"line":76,"column":3},"end":{"line":80,"column":null}},"30":{"start":{"line":85,"column":2},"end":{"line":99,"column":null}},"31":{"start":{"line":86,"column":14},"end":{"line":86,"column":27}},"32":{"start":{"line":87,"column":25},"end":{"line":87,"column":57}},"33":{"start":{"line":88,"column":3},"end":{"line":92,"column":null}},"34":{"start":{"line":89,"column":4},"end":{"line":89,"column":null}},"35":{"start":{"line":91,"column":4},"end":{"line":91,"column":null}},"36":{"start":{"line":94,"column":3},"end":{"line":98,"column":null}},"37":{"start":{"line":9,"column":0},"end":{"line":9,"column":22}}},"fnMap":{"0":{"name":"(anonymous_7)","decl":{"start":{"line":11,"column":1},"end":{"line":11,"column":13}},"loc":{"start":{"line":11,"column":37},"end":{"line":13,"column":2}}},"1":{"name":"(anonymous_8)","decl":{"start":{"line":15,"column":8},"end":{"line":15,"column":15}},"loc":{"start":{"line":15,"column":65},"end":{"line":26,"column":null}}},"2":{"name":"(anonymous_10)","decl":{"start":{"line":28,"column":8},"end":{"line":28,"column":15}},"loc":{"start":{"line":28,"column":65},"end":{"line":47,"column":null}}},"3":{"name":"(anonymous_12)","decl":{"start":{"line":49,"column":8},"end":{"line":49,"column":14}},"loc":{"start":{"line":49,"column":42},"end":{"line":61,"column":null}}},"4":{"name":"(anonymous_14)","decl":{"start":{"line":63,"column":17},"end":{"line":63,"column":23}},"loc":{"start":{"line":63,"column":51},"end":{"line":82,"column":null}}},"5":{"name":"(anonymous_16)","decl":{"start":{"line":84,"column":8},"end":{"line":84,"column":14}},"loc":{"start":{"line":84,"column":42},"end":{"line":100,"column":null}}}},"branchMap":{"0":{"loc":{"start":{"line":35,"column":3},"end":{"line":39,"column":null}},"type":"if","locations":[{"start":{"line":35,"column":3},"end":{"line":39,"column":null}},{"start":{"line":37,"column":10},"end":{"line":39,"column":null}}]},"1":{"loc":{"start":{"line":70,"column":3},"end":{"line":74,"column":null}},"type":"if","locations":[{"start":{"line":70,"column":3},"end":{"line":74,"column":null}},{"start":{"line":72,"column":10},"end":{"line":74,"column":null}}]},"2":{"loc":{"start":{"line":88,"column":3},"end":{"line":92,"column":null}},"type":"if","locations":[{"start":{"line":88,"column":3},"end":{"line":92,"column":null}},{"start":{"line":90,"column":10},"end":{"line":92,"column":null}}]},"3":{"loc":{"start":{"line":88,"column":7},"end":{"line":88,"column":59}},"type":"binary-expr","locations":[{"start":{"line":88,"column":7},"end":{"line":88,"column":29}},{"start":{"line":88,"column":33},"end":{"line":88,"column":59}}]}},"s":{"0":1,"1":1,"2":1,"3":1,"4":1,"5":1,"6":1,"7":1,"8":1,"9":0,"10":2,"11":2,"12":1,"13":1,"14":1,"15":0,"16":1,"17":1,"18":1,"19":1,"20":1,"21":0,"22":0,"23":0,"24":0,"25":0,"26":0,"27":0,"28":0,"29":0,"30":0,"31":0,"32":0,"33":0,"34":0,"35":0,"36":0,"37":1},"f":{"0":1,"1":1,"2":2,"3":1,"4":0,"5":0},"b":{"0":[1,0],"1":[0,0],"2":[0,0],"3":[0,0]}}
,"/home/aya/ITI/Nodejs/bookApp/src/controllers/BorrowerController.controller.ts": {"path":"/home/aya/ITI/Nodejs/bookApp/src/controllers/BorrowerController.controller.ts","statementMap":{"0":{"start":{"line":1,"column":0},"end":{"line":1,"column":37}},"1":{"start":{"line":2,"column":0},"end":{"line":2,"column":59}},"2":{"start":{"line":3,"column":0},"end":{"line":3,"column":54}},"3":{"start":{"line":4,"column":0},"end":{"line":4,"column":88}},"4":{"start":{"line":5,"column":0},"end":{"line":5,"column":101}},"5":{"start":{"line":6,"column":0},"end":{"line":6,"column":60}},"6":{"start":{"line":8,"column":0},"end":{"line":8,"column":74}},"7":{"start":{"line":9,"column":0},"end":{"line":9,"column":82}},"8":{"start":{"line":10,"column":0},"end":{"line":10,"column":62}},"9":{"start":{"line":14,"column":2},"end":{"line":14,"column":null}},"10":{"start":{"line":17,"column":1},"end":{"line":19,"column":null}},"11":{"start":{"line":17,"column":48},"end":{"line":19,"column":null}},"12":{"start":{"line":18,"column":2},"end":{"line":18,"column":null}},"13":{"start":{"line":20,"column":1},"end":{"line":22,"column":null}},"14":{"start":{"line":20,"column":56},"end":{"line":22,"column":null}},"15":{"start":{"line":21,"column":2},"end":{"line":21,"column":null}},"16":{"start":{"line":24,"column":1},"end":{"line":36,"column":null}},"17":{"start":{"line":24,"column":56},"end":{"line":36,"column":null}},"18":{"start":{"line":25,"column":2},"end":{"line":35,"column":null}},"19":{"start":{"line":26,"column":3},"end":{"line":28,"column":null}},"20":{"start":{"line":29,"column":3},"end":{"line":29,"column":null}},"21":{"start":{"line":31,"column":3},"end":{"line":34,"column":null}},"22":{"start":{"line":33,"column":58},"end":{"line":33,"column":72}},"23":{"start":{"line":38,"column":1},"end":{"line":58,"column":null}},"24":{"start":{"line":38,"column":56},"end":{"line":58,"column":null}},"25":{"start":{"line":39,"column":2},"end":{"line":57,"column":null}},"26":{"start":{"line":40,"column":3},"end":{"line":42,"column":null}},"27":{"start":{"line":43,"column":3},"end":{"line":43,"column":null}},"28":{"start":{"line":45,"column":3},"end":{"line":56,"column":null}},"29":{"start":{"line":46,"column":4},"end":{"line":49,"column":null}},"30":{"start":{"line":48,"column":44},"end":{"line":48,"column":58}},"31":{"start":{"line":51,"column":4},"end":{"line":55,"column":null}},"32":{"start":{"line":59,"column":1},"end":{"line":61,"column":null}},"33":{"start":{"line":59,"column":56},"end":{"line":61,"column":null}},"34":{"start":{"line":60,"column":2},"end":{"line":60,"column":null}},"35":{"start":{"line":63,"column":0},"end":{"line":63,"column":null}}},"fnMap":{"0":{"name":"(anonymous_7)","decl":{"start":{"line":13,"column":1},"end":{"line":13,"column":null}},"loc":{"start":{"line":13,"column":1},"end":{"line":15,"column":2}}},"1":{"name":"(anonymous_8)","decl":{"start":{"line":17,"column":10},"end":{"line":17,"column":17}},"loc":{"start":{"line":17,"column":48},"end":{"line":19,"column":null}}},"2":{"name":"(anonymous_9)","decl":{"start":{"line":17,"column":48},"end":{"line":17,"column":null}},"loc":{"start":{"line":17,"column":48},"end":{"line":19,"column":2}}},"3":{"name":"(anonymous_10)","decl":{"start":{"line":20,"column":18},"end":{"line":20,"column":25}},"loc":{"start":{"line":20,"column":56},"end":{"line":22,"column":null}}},"4":{"name":"(anonymous_11)","decl":{"start":{"line":20,"column":56},"end":{"line":20,"column":null}},"loc":{"start":{"line":20,"column":56},"end":{"line":22,"column":2}}},"5":{"name":"(anonymous_12)","decl":{"start":{"line":24,"column":18},"end":{"line":24,"column":25}},"loc":{"start":{"line":24,"column":56},"end":{"line":36,"column":null}}},"6":{"name":"(anonymous_13)","decl":{"start":{"line":24,"column":56},"end":{"line":24,"column":null}},"loc":{"start":{"line":24,"column":56},"end":{"line":36,"column":2}}},"7":{"name":"(anonymous_14)","decl":{"start":{"line":33,"column":41},"end":{"line":33,"column":42}},"loc":{"start":{"line":33,"column":58},"end":{"line":33,"column":72}}},"8":{"name":"(anonymous_15)","decl":{"start":{"line":38,"column":18},"end":{"line":38,"column":25}},"loc":{"start":{"line":38,"column":56},"end":{"line":58,"column":null}}},"9":{"name":"(anonymous_16)","decl":{"start":{"line":38,"column":56},"end":{"line":38,"column":null}},"loc":{"start":{"line":38,"column":56},"end":{"line":58,"column":2}}},"10":{"name":"(anonymous_17)","decl":{"start":{"line":48,"column":32},"end":{"line":48,"column":33}},"loc":{"start":{"line":48,"column":44},"end":{"line":48,"column":58}}},"11":{"name":"(anonymous_18)","decl":{"start":{"line":59,"column":18},"end":{"line":59,"column":25}},"loc":{"start":{"line":59,"column":56},"end":{"line":61,"column":null}}},"12":{"name":"(anonymous_19)","decl":{"start":{"line":59,"column":56},"end":{"line":59,"column":null}},"loc":{"start":{"line":59,"column":56},"end":{"line":61,"column":2}}}},"branchMap":{"0":{"loc":{"start":{"line":45,"column":3},"end":{"line":56,"column":null}},"type":"if","locations":[{"start":{"line":45,"column":3},"end":{"line":56,"column":null}},{"start":{"line":50,"column":10},"end":{"line":56,"column":null}}]}},"s":{"0":1,"1":1,"2":1,"3":1,"4":1,"5":1,"6":1,"7":1,"8":1,"9":1,"10":1,"11":1,"12":1,"13":1,"14":2,"15":2,"16":1,"17":2,"18":2,"19":2,"20":1,"21":1,"22":1,"23":1,"24":0,"25":0,"26":0,"27":0,"28":0,"29":0,"30":0,"31":0,"32":1,"33":0,"34":0,"35":1},"f":{"0":1,"1":1,"2":1,"3":2,"4":2,"5":2,"6":2,"7":1,"8":0,"9":0,"10":0,"11":0,"12":0},"b":{"0":[0,0]}}
,"/home/aya/ITI/Nodejs/bookApp/src/entities/Book.entity.ts": {"path":"/home/aya/ITI/Nodejs/bookApp/src/entities/Book.entity.ts","statementMap":{"0":{"start":{"line":1,"column":0},"end":{"line":1,"column":null}},"1":{"start":{"line":8,"column":0},"end":{"line":8,"column":47}},"2":{"start":{"line":11,"column":7},"end":{"line":32,"column":null}},"3":{"start":{"line":11,"column":13},"end":{"line":11,"column":17}},"4":{"start":{"line":13,"column":4},"end":{"line":13,"column":null}},"5":{"start":{"line":16,"column":4},"end":{"line":16,"column":null}},"6":{"start":{"line":19,"column":4},"end":{"line":19,"column":null}},"7":{"start":{"line":22,"column":4},"end":{"line":22,"column":null}},"8":{"start":{"line":25,"column":4},"end":{"line":25,"column":null}},"9":{"start":{"line":28,"column":4},"end":{"line":28,"column":null}},"10":{"start":{"line":31,"column":4},"end":{"line":31,"column":null}},"11":{"start":{"line":30,"column":21},"end":{"line":30,"column":30}},"12":{"start":{"line":30,"column":45},"end":{"line":30,"column":59}},"13":{"start":{"line":11,"column":13},"end":{"line":32,"column":null}}},"fnMap":{"0":{"name":"(anonymous_2)","decl":{"start":{"line":30,"column":15},"end":{"line":30,"column":18}},"loc":{"start":{"line":30,"column":21},"end":{"line":30,"column":30}}},"1":{"name":"(anonymous_3)","decl":{"start":{"line":30,"column":32},"end":{"line":30,"column":41}},"loc":{"start":{"line":30,"column":45},"end":{"line":30,"column":59}}}},"branchMap":{},"s":{"0":1,"1":1,"2":1,"3":1,"4":1,"5":1,"6":1,"7":1,"8":1,"9":1,"10":1,"11":0,"12":0,"13":1},"f":{"0":0,"1":0},"b":{}}
,"/home/aya/ITI/Nodejs/bookApp/src/entities/Borrower.entity.ts": {"path":"/home/aya/ITI/Nodejs/bookApp/src/entities/Borrower.entity.ts","statementMap":{"0":{"start":{"line":1,"column":0},"end":{"line":1,"column":null}},"1":{"start":{"line":8,"column":0},"end":{"line":8,"column":47}},"2":{"start":{"line":11,"column":7},"end":{"line":29,"column":null}},"3":{"start":{"line":11,"column":13},"end":{"line":11,"column":21}},"4":{"start":{"line":13,"column":4},"end":{"line":13,"column":null}},"5":{"start":{"line":16,"column":4},"end":{"line":16,"column":null}},"6":{"start":{"line":19,"column":4},"end":{"line":19,"column":null}},"7":{"start":{"line":25,"column":4},"end":{"line":25,"column":null}},"8":{"start":{"line":23,"column":23},"end":{"line":23,"column":42}},"9":{"start":{"line":28,"column":4},"end":{"line":28,"column":null}},"10":{"start":{"line":27,"column":21},"end":{"line":27,"column":30}},"11":{"start":{"line":27,"column":45},"end":{"line":27,"column":63}},"12":{"start":{"line":11,"column":13},"end":{"line":29,"column":null}}},"fnMap":{"0":{"name":"(anonymous_2)","decl":{"start":{"line":23,"column":17},"end":{"line":23,"column":20}},"loc":{"start":{"line":23,"column":23},"end":{"line":23,"column":42}}},"1":{"name":"(anonymous_3)","decl":{"start":{"line":27,"column":15},"end":{"line":27,"column":18}},"loc":{"start":{"line":27,"column":21},"end":{"line":27,"column":30}}},"2":{"name":"(anonymous_4)","decl":{"start":{"line":27,"column":32},"end":{"line":27,"column":41}},"loc":{"start":{"line":27,"column":45},"end":{"line":27,"column":63}}}},"branchMap":{},"s":{"0":1,"1":1,"2":1,"3":1,"4":1,"5":1,"6":1,"7":1,"8":0,"9":1,"10":0,"11":0,"12":1},"f":{"0":0,"1":0,"2":0},"b":{}}
,"/home/aya/ITI/Nodejs/bookApp/src/entities/Borrowing.entity.ts": {"path":"/home/aya/ITI/Nodejs/bookApp/src/entities/Borrowing.entity.ts","statementMap":{"0":{"start":{"line":1,"column":0},"end":{"line":1,"column":null}},"1":{"start":{"line":8,"column":0},"end":{"line":8,"column":37}},"2":{"start":{"line":9,"column":0},"end":{"line":9,"column":45}},"3":{"start":{"line":12,"column":7},"end":{"line":30,"column":null}},"4":{"start":{"line":12,"column":13},"end":{"line":12,"column":22}},"5":{"start":{"line":14,"column":4},"end":{"line":14,"column":null}},"6":{"start":{"line":17,"column":4},"end":{"line":17,"column":null}},"7":{"start":{"line":16,"column":21},"end":{"line":16,"column":25}},"8":{"start":{"line":16,"column":35},"end":{"line":16,"column":50}},"9":{"start":{"line":20,"column":4},"end":{"line":20,"column":null}},"10":{"start":{"line":19,"column":21},"end":{"line":19,"column":29}},"11":{"start":{"line":19,"column":43},"end":{"line":19,"column":62}},"12":{"start":{"line":23,"column":4},"end":{"line":23,"column":null}},"13":{"start":{"line":26,"column":4},"end":{"line":26,"column":null}},"14":{"start":{"line":29,"column":4},"end":{"line":29,"column":null}},"15":{"start":{"line":12,"column":13},"end":{"line":30,"column":null}}},"fnMap":{"0":{"name":"(anonymous_2)","decl":{"start":{"line":16,"column":15},"end":{"line":16,"column":18}},"loc":{"start":{"line":16,"column":21},"end":{"line":16,"column":25}}},"1":{"name":"(anonymous_3)","decl":{"start":{"line":16,"column":27},"end":{"line":16,"column":31}},"loc":{"start":{"line":16,"column":35},"end":{"line":16,"column":50}}},"2":{"name":"(anonymous_4)","decl":{"start":{"line":19,"column":15},"end":{"line":19,"column":18}},"loc":{"start":{"line":19,"column":21},"end":{"line":19,"column":29}}},"3":{"name":"(anonymous_5)","decl":{"start":{"line":19,"column":31},"end":{"line":19,"column":39}},"loc":{"start":{"line":19,"column":43},"end":{"line":19,"column":62}}}},"branchMap":{},"s":{"0":1,"1":1,"2":1,"3":1,"4":1,"5":1,"6":1,"7":0,"8":0,"9":1,"10":0,"11":0,"12":1,"13":1,"14":1,"15":1},"f":{"0":0,"1":0,"2":0,"3":0},"b":{}}
,"/home/aya/ITI/Nodejs/bookApp/src/helpers/constants/statusCodes.ts": {"path":"/home/aya/ITI/Nodejs/bookApp/src/helpers/constants/statusCodes.ts","statementMap":{"0":{"start":{"line":1,"column":0},"end":{"line":1,"column":null}},"1":{"start":{"line":2,"column":1},"end":{"line":2,"column":null}},"2":{"start":{"line":3,"column":1},"end":{"line":3,"column":null}},"3":{"start":{"line":4,"column":1},"end":{"line":4,"column":null}},"4":{"start":{"line":5,"column":1},"end":{"line":5,"column":null}},"5":{"start":{"line":6,"column":1},"end":{"line":6,"column":null}},"6":{"start":{"line":7,"column":1},"end":{"line":7,"column":null}},"7":{"start":{"line":8,"column":1},"end":{"line":8,"column":null}},"8":{"start":{"line":9,"column":1},"end":{"line":9,"column":null}},"9":{"start":{"line":10,"column":1},"end":{"line":10,"column":null}}},"fnMap":{"0":{"name":"(anonymous_0)","decl":{"start":{"line":1,"column":0},"end":{"line":1,"column":12}},"loc":{"start":{"line":1,"column":23},"end":{"line":11,"column":1}}}},"branchMap":{"0":{"loc":{"start":{"line":1,"column":12},"end":{"line":1,"column":null}},"type":"binary-expr","locations":[{"start":{"line":1,"column":12},"end":{"line":1,"column":23}},{"start":{"line":1,"column":23},"end":{"line":1,"column":null}}]}},"s":{"0":1,"1":1,"2":1,"3":1,"4":1,"5":1,"6":1,"7":1,"8":1,"9":1},"f":{"0":1},"b":{"0":[1,1]}}
,"/home/aya/ITI/Nodejs/bookApp/src/helpers/methods/formatValidationErrors.ts": {"path":"/home/aya/ITI/Nodejs/bookApp/src/helpers/methods/formatValidationErrors.ts","statementMap":{"0":{"start":{"line":3,"column":38},"end":{"line":7,"column":1}},"1":{"start":{"line":4,"column":1},"end":{"line":6,"column":null}},"2":{"start":{"line":5,"column":50},"end":{"line":5,"column":59}},"3":{"start":{"line":3,"column":13},"end":{"line":3,"column":38}}},"fnMap":{"0":{"name":"(anonymous_0)","decl":{"start":{"line":3,"column":38},"end":{"line":3,"column":39}},"loc":{"start":{"line":3,"column":75},"end":{"line":7,"column":1}}},"1":{"name":"(anonymous_1)","decl":{"start":{"line":5,"column":22},"end":{"line":5,"column":23}},"loc":{"start":{"line":5,"column":50},"end":{"line":5,"column":59}}}},"branchMap":{"0":{"loc":{"start":{"line":4,"column":8},"end":{"line":6,"column":19}},"type":"cond-expr","locations":[{"start":{"line":5,"column":4},"end":{"line":5,"column":60}},{"start":{"line":6,"column":4},"end":{"line":6,"column":19}}]},"1":{"loc":{"start":{"line":4,"column":8},"end":{"line":4,"column":22}},"type":"cond-expr","locations":[{"start":{"line":4,"column":13},"end":{"line":4,"column":15}},{"start":{"line":4,"column":8},"end":{"line":4,"column":22}}]},"2":{"loc":{"start":{"line":4,"column":8},"end":{"line":4,"column":15}},"type":"binary-expr","locations":[{"start":{"line":4,"column":8},"end":{"line":4,"column":15}},{"start":{"line":4,"column":8},"end":{"line":4,"column":15}}]}},"s":{"0":1,"1":1,"2":0,"3":1},"f":{"0":1,"1":0},"b":{"0":[0,1],"1":[0,1],"2":[1,1]}}
,"/home/aya/ITI/Nodejs/bookApp/src/helpers/responses/404.response.ts": {"path":"/home/aya/ITI/Nodejs/bookApp/src/helpers/responses/404.response.ts","statementMap":{"0":{"start":{"line":2,"column":0},"end":{"line":2,"column":54}},"1":{"start":{"line":4,"column":36},"end":{"line":12,"column":1}},"2":{"start":{"line":8,"column":1},"end":{"line":11,"column":null}},"3":{"start":{"line":4,"column":13},"end":{"line":4,"column":36}}},"fnMap":{"0":{"name":"(anonymous_0)","decl":{"start":{"line":4,"column":36},"end":{"line":4,"column":null}},"loc":{"start":{"line":7,"column":4},"end":{"line":12,"column":1}}}},"branchMap":{"0":{"loc":{"start":{"line":6,"column":1},"end":{"line":6,"column":42}},"type":"default-arg","locations":[{"start":{"line":6,"column":20},"end":{"line":6,"column":42}}]}},"s":{"0":1,"1":1,"2":0,"3":1},"f":{"0":0},"b":{"0":[0]}}
,"/home/aya/ITI/Nodejs/bookApp/src/helpers/responses/sendErrorResponse.ts": {"path":"/home/aya/ITI/Nodejs/bookApp/src/helpers/responses/sendErrorResponse.ts","statementMap":{"0":{"start":{"line":3,"column":33},"end":{"line":12,"column":1}},"1":{"start":{"line":8,"column":1},"end":{"line":11,"column":null}},"2":{"start":{"line":3,"column":13},"end":{"line":3,"column":33}}},"fnMap":{"0":{"name":"(anonymous_0)","decl":{"start":{"line":3,"column":33},"end":{"line":3,"column":null}},"loc":{"start":{"line":7,"column":4},"end":{"line":12,"column":1}}}},"branchMap":{"0":{"loc":{"start":{"line":6,"column":1},"end":{"line":6,"column":21}},"type":"default-arg","locations":[{"start":{"line":6,"column":18},"end":{"line":6,"column":21}}]}},"s":{"0":1,"1":1,"2":1},"f":{"0":1},"b":{"0":[0]}}
,"/home/aya/ITI/Nodejs/bookApp/src/helpers/responses/sendSuccessResponse.ts": {"path":"/home/aya/ITI/Nodejs/bookApp/src/helpers/responses/sendSuccessResponse.ts","statementMap":{"0":{"start":{"line":2,"column":0},"end":{"line":2,"column":54}},"1":{"start":{"line":4,"column":35},"end":{"line":13,"column":1}},"2":{"start":{"line":9,"column":1},"end":{"line":12,"column":null}},"3":{"start":{"line":4,"column":13},"end":{"line":4,"column":35}}},"fnMap":{"0":{"name":"(anonymous_0)","decl":{"start":{"line":4,"column":35},"end":{"line":4,"column":null}},"loc":{"start":{"line":8,"column":4},"end":{"line":13,"column":1}}}},"branchMap":{"0":{"loc":{"start":{"line":9,"column":12},"end":{"line":9,"column":41}},"type":"cond-expr","locations":[{"start":{"line":9,"column":12},"end":{"line":9,"column":18}},{"start":{"line":9,"column":22},"end":{"line":9,"column":41}}]},"1":{"loc":{"start":{"line":9,"column":12},"end":{"line":9,"column":22}},"type":"binary-expr","locations":[{"start":{"line":9,"column":12},"end":{"line":9,"column":22}},{"start":{"line":9,"column":12},"end":{"line":9,"column":22}}]}},"s":{"0":1,"1":1,"2":3,"3":1},"f":{"0":3},"b":{"0":[0,3],"1":[3,3]}}
,"/home/aya/ITI/Nodejs/bookApp/src/helpers/validations/borrower/borrower.validation.ts": {"path":"/home/aya/ITI/Nodejs/bookApp/src/helpers/validations/borrower/borrower.validation.ts","statementMap":{"0":{"start":{"line":1,"column":0},"end":{"line":1,"column":21}},"1":{"start":{"line":3,"column":13},"end":{"line":7,"column":null}}},"fnMap":{},"branchMap":{},"s":{"0":1,"1":1},"f":{},"b":{}}
,"/home/aya/ITI/Nodejs/bookApp/src/helpers/validations/borrower/update-borrower.validation.ts": {"path":"/home/aya/ITI/Nodejs/bookApp/src/helpers/validations/borrower/update-borrower.validation.ts","statementMap":{"0":{"start":{"line":1,"column":0},"end":{"line":1,"column":59}},"1":{"start":{"line":7,"column":13},"end":{"line":7,"column":54}},"2":{"start":{"line":8,"column":13},"end":{"line":8,"column":113}},"3":{"start":{"line":8,"column":94},"end":{"line":8,"column":111}}},"fnMap":{"0":{"name":"(anonymous_0)","decl":{"start":{"line":8,"column":82},"end":{"line":8,"column":83}},"loc":{"start":{"line":8,"column":94},"end":{"line":8,"column":111}}}},"branchMap":{"0":{"loc":{"start":{"line":7,"column":13},"end":{"line":7,"column":54}},"type":"binary-expr","locations":[{"start":{"line":7,"column":13},"end":{"line":7,"column":48}},{"start":{"line":7,"column":52},"end":{"line":7,"column":54}}]},"1":{"loc":{"start":{"line":7,"column":13},"end":{"line":7,"column":48}},"type":"cond-expr","locations":[{"start":{"line":7,"column":42},"end":{"line":7,"column":44}},{"start":{"line":7,"column":42},"end":{"line":7,"column":48}}]},"2":{"loc":{"start":{"line":7,"column":13},"end":{"line":7,"column":44}},"type":"binary-expr","locations":[{"start":{"line":7,"column":13},"end":{"line":7,"column":44}},{"start":{"line":7,"column":42},"end":{"line":7,"column":44}}]}},"s":{"0":1,"1":1,"2":1,"3":0},"f":{"0":0},"b":{"0":[1,1],"1":[1,0],"2":[1,1]}}
}
